<?xml version="1.0" encoding="UTF-8"?>
<!-- Generated by org.testng.reporters.JUnitReportReporter -->
<testsuite hostname="DESKTOP-PCSHU8L" failures="0" tests="1" name="testScript.ManageNewsTest" time="8.870" errors="0" timestamp="2025-09-04T17:53:41 IST" skipped="0">
  <testcase classname="testScript.ManageNewsTest" name="verifyResetButtonFunctionality" time="8.870"/>
</testsuite> <!-- testScript.ManageNewsTest -->
