<?xml version="1.0" encoding="UTF-8"?>
<!-- Generated by org.testng.reporters.JUnitReportReporter -->
<testsuite hostname="DESKTOP-PCSHU8L" failures="0" tests="3" name="testScript.ManageNewsTest" time="23.914" errors="0" timestamp="2025-09-16T11:45:25 IST" skipped="0">
  <testcase classname="testScript.ManageNewsTest" name="verifyWhetherUserIsAbleToAddNewNewsTitle" time="7.027"/>
  <testcase classname="testScript.ManageNewsTest" name="verifyResetButtonFunctionality" time="4.543"/>
  <testcase classname="testScript.ManageNewsTest" name="verifySearchForNewNewsTitle" time="12.344"/>
</testsuite> <!-- testScript.ManageNewsTest -->
