<?xml version="1.0" encoding="UTF-8"?>
<!-- Generated by org.testng.reporters.JUnitReportReporter -->
<testsuite hostname="DESKTOP-PCSHU8L" failures="0" tests="1" name="testScript.AdminTest" time="6.916" errors="0" timestamp="2025-09-01T10:48:07 IST" skipped="0">
  <testcase classname="testScript.AdminTest" name="verifyAddAdminUsers" time="6.916"/>
</testsuite> <!-- testScript.AdminTest -->
