<?xml version="1.0" encoding="UTF-8"?>
<!-- Generated by org.testng.reporters.JUnitReportReporter -->
<testsuite hostname="DESKTOP-PCSHU8L" failures="0" tests="1" name="testScript.AdminUsersTest" time="10.826" errors="0" timestamp="2025-09-09T20:49:46 IST" skipped="0">
  <testcase classname="testScript.AdminUsersTest" name="verifyUserIsAbleToSearchNewUser" time="10.826"/>
</testsuite> <!-- testScript.AdminUsersTest -->
