<?xml version="1.0" encoding="UTF-8"?>
<!-- Generated by org.testng.reporters.JUnitReportReporter -->
<testsuite hostname="DESKTOP-PCSHU8L" failures="0" tests="1" name="testScript.HomeTest" time="4.957" errors="0" timestamp="2025-09-11T20:12:46 IST" skipped="0">
  <testcase classname="testScript.HomeTest" name="verifyUserCanSuccessfullyLogout" time="4.957"/>
</testsuite> <!-- testScript.HomeTest -->
