<?xml version="1.0" encoding="UTF-8"?>
<!-- Generated by org.testng.reporters.JUnitReportReporter -->
<testsuite hostname="DESKTOP-PCSHU8L" failures="0" tests="1" name="testScript.HomeTest" time="4.329" errors="0" timestamp="2025-09-18T19:15:06 IST" skipped="0">
  <testcase classname="testScript.HomeTest" name="verifyUserCanSuccessfullyLogout" time="4.329"/>
</testsuite> <!-- testScript.HomeTest -->
