<?xml version="1.0" encoding="UTF-8"?>
<!-- Generated by org.testng.reporters.JUnitReportReporter -->
<testsuite hostname="DESKTOP-PCSHU8L" failures="0" tests="2" name="testScript.LoginTest" time="13.231" errors="0" timestamp="2025-09-10T14:50:26 IST" skipped="0">
  <testcase classname="testScript.LoginTest" name="verifyLoginWithValidCredentials" time="7.670"/>
  <testcase classname="testScript.LoginTest" name="verifyLoginWithInValidUsernameInvalidPassword" time="5.561"/>
</testsuite> <!-- testScript.LoginTest -->
