<?xml version="1.0" encoding="UTF-8"?>
<!-- Generated by org.testng.reporters.JUnitReportReporter -->
<testsuite hostname="DESKTOP-PCSHU8L" failures="0" tests="4" name="testScript.LoginTest" time="14.394" errors="0" timestamp="2025-09-23T14:47:45 IST" skipped="0">
  <testcase classname="testScript.LoginTest" name="verifyLoginWithValidCredentials" time="4.308"/>
  <testcase classname="testScript.LoginTest" name="verifyLoginWithInValidUsernameValidPassword" time="4.946"/>
  <testcase classname="testScript.LoginTest" name="verifyLoginWithValidUsernameInvalidPassword" time="2.639"/>
  <testcase classname="testScript.LoginTest" name="verifyLoginWithInValidUsernameInvalidPassword" time="2.501"/>
</testsuite> <!-- testScript.LoginTest -->
