<?xml version="1.0" encoding="UTF-8"?>
<!-- Generated by org.testng.reporters.JUnitReportReporter -->
<testsuite hostname="DESKTOP-PCSHU8L" failures="0" tests="1" name="testScript.AdminUsersTest" time="7.010" errors="0" timestamp="2025-09-04T17:41:42 IST" skipped="0">
  <testcase classname="testScript.AdminUsersTest" name="verifyUserIsAbleToAddNewUser" time="7.010"/>
</testsuite> <!-- testScript.AdminUsersTest -->
