<?xml version="1.0" encoding="UTF-8"?>
<!-- Generated by org.testng.reporters.JUnitReportReporter -->
<testsuite hostname="DESKTOP-PCSHU8L" failures="0" tests="1" name="testScript.HomeTest" time="8.688" errors="0" timestamp="2025-08-27T17:56:51 IST" skipped="0">
  <testcase classname="testScript.HomeTest" name="verifyUserCanSuccessfullyLogout" time="8.688"/>
</testsuite> <!-- testScript.HomeTest -->
