<?xml version="1.0" encoding="UTF-8"?>
<!-- Generated by org.testng.reporters.JUnitReportReporter -->
<testsuite hostname="DESKTOP-PCSHU8L" failures="0" tests="3" name="testScript.ManageNewsTest" time="21.245" errors="0" timestamp="2025-09-18T19:15:06 IST" skipped="0">
  <testcase classname="testScript.ManageNewsTest" name="verifyWhetherUserIsAbleToAddNewNewsTitle" time="5.874"/>
  <testcase classname="testScript.ManageNewsTest" name="verifySearchForNewNewsTitle" time="10.427"/>
  <testcase classname="testScript.ManageNewsTest" name="verifyResetButtonFunctionality" time="4.944"/>
</testsuite> <!-- testScript.ManageNewsTest -->
