<?xml version="1.0" encoding="UTF-8"?>
<!-- Generated by org.testng.reporters.JUnitReportReporter -->
<testsuite hostname="DESKTOP-PCSHU8L" failures="0" tests="2" name="testScript.AdminUsersTest" time="16.607" errors="0" timestamp="2025-09-16T11:45:25 IST" skipped="0">
  <testcase classname="testScript.AdminUsersTest" name="verifyUserIsAbleToAddNewUser" time="6.444"/>
  <testcase classname="testScript.AdminUsersTest" name="verifyUserIsAbleToSearchNewUser" time="10.163"/>
</testsuite> <!-- testScript.AdminUsersTest -->
