<?xml version="1.0" encoding="UTF-8"?>
<!-- Generated by org.testng.reporters.JUnitReportReporter -->
<testsuite hostname="DESKTOP-PCSHU8L" failures="0" tests="1" name="testScript.LoginTest" time="4.838" errors="0" timestamp="2025-08-25T23:20:44 IST" skipped="0">
  <testcase classname="testScript.LoginTest" name="verifyLoginWithInValidUsernameValidPassword" time="4.838"/>
</testsuite> <!-- testScript.LoginTest -->
