<?xml version="1.0" encoding="UTF-8"?>
<!-- Generated by org.testng.reporters.JUnitReportReporter -->
<testsuite hostname="DESKTOP-PCSHU8L" failures="0" tests="1" name="testScript.LoginTest" time="5.200" errors="0" timestamp="2025-09-03T14:53:11 IST" skipped="0">
  <testcase classname="testScript.LoginTest" name="verifyLoginWithValidCredentials" time="5.200"/>
</testsuite> <!-- testScript.LoginTest -->
