<?xml version="1.0" encoding="UTF-8"?>
<!-- Generated by org.testng.reporters.JUnitReportReporter -->
<testsuite hostname="DESKTOP-PCSHU8L" failures="0" tests="1" name="testScript.AdminUsersTest" time="9.938" errors="0" timestamp="2025-08-27T19:37:57 IST" skipped="0">
  <testcase classname="testScript.AdminUsersTest" name="verifyAddAdminUsers" time="9.938"/>
</testsuite> <!-- testScript.AdminUsersTest -->
