<?xml version="1.0" encoding="UTF-8"?>
<!-- Generated by org.testng.reporters.JUnitReportReporter -->
<testsuite hostname="DESKTOP-PCSHU8L" failures="0" tests="1" name="testScript.AdminUsersTest" time="12.122" errors="0" timestamp="2025-09-01T14:40:49 IST" skipped="0">
  <testcase classname="testScript.AdminUsersTest" name="verifySearchAdminUsers" time="12.122"/>
</testsuite> <!-- testScript.AdminUsersTest -->
