<?xml version="1.0" encoding="UTF-8"?>
<!-- Generated by org.testng.reporters.JUnitReportReporter -->
<testsuite hostname="DESKTOP-PCSHU8L" failures="0" tests="1" name="testScript.AdminUsersTest" time="8.362" errors="0" timestamp="2025-08-27T17:57:35 IST" skipped="0">
  <testcase classname="testScript.AdminUsersTest" name="verifySearchAdminUsers" time="8.362"/>
</testsuite> <!-- testScript.AdminUsersTest -->
