<?xml version="1.0" encoding="UTF-8"?>
<!-- Generated by org.testng.reporters.JUnitReportReporter -->
<testsuite hostname="DESKTOP-PCSHU8L" failures="0" tests="2" name="testScript.AdminUsersTest" time="16.784" errors="0" timestamp="2025-09-18T19:15:06 IST" skipped="0">
  <testcase classname="testScript.AdminUsersTest" name="verifyUserIsAbleToAddNewUser" time="6.208"/>
  <testcase classname="testScript.AdminUsersTest" name="verifyUserIsAbleToSearchNewUser" time="10.576"/>
</testsuite> <!-- testScript.AdminUsersTest -->
