<?xml version="1.0" encoding="UTF-8"?>
<!-- Generated by org.testng.reporters.JUnitReportReporter -->
<testsuite hostname="DESKTOP-PCSHU8L" failures="0" tests="1" name="testScript.ManageNewsTest" time="22.908" errors="0" timestamp="2025-09-10T09:59:12 IST" skipped="0">
  <testcase classname="testScript.ManageNewsTest" name="verifySearchForNewNewsTitle" time="22.908"/>
</testsuite> <!-- testScript.ManageNewsTest -->
